
-Mon Sep 20 02:35:13 2021
 From S action: dump.

-Mon Sep 20 02:35:13 2021
 From G value:0.876.
-Mon Sep 20 02:35:13 2021
 New value:0.921.

-Mon Sep 20 02:35:14 2021
 From G value:0.921.
-Mon Sep 20 02:35:14 2021
 New value:0.994.

-Mon Sep 20 02:35:15 2021
 From G value:0.994.
-Mon Sep 20 02:35:15 2021
 New value:0.528.

-Mon Sep 20 02:35:16 2021
 From G value:0.528.
-Mon Sep 20 02:35:16 2021
 New value:0.820.

-Mon Sep 20 02:35:17 2021
 From G value:0.820.
-Mon Sep 20 02:35:17 2021
 New value:0.879.

-Mon Sep 20 02:35:18 2021
 From G value:0.879.
-Mon Sep 20 02:35:18 2021
 New value:0.990.

-Mon Sep 20 02:35:19 2021
 From G value:0.990.
-Mon Sep 20 02:35:19 2021
 New value:0.970.

-Mon Sep 20 02:35:20 2021
 From G value:0.970.
-Mon Sep 20 02:35:20 2021
 New value:0.769.

-Mon Sep 20 02:35:21 2021
 From G value:0.769.
-Mon Sep 20 02:35:21 2021
 New value:1.000.

-Mon Sep 20 02:35:22 2021
 From G value:1.000.
-Mon Sep 20 02:35:22 2021
 New value:0.868.

-Mon Sep 20 02:35:23 2021
 From G value:0.868.
-Mon Sep 20 02:35:23 2021
 New value:0.970.

-Mon Sep 20 02:35:24 2021
 From G value:0.970.
-Mon Sep 20 02:35:24 2021
 New value:0.811.

-Mon Sep 20 02:35:25 2021
 From G value:0.811.
-Mon Sep 20 02:35:25 2021
 New value:0.998.

-Mon Sep 20 02:35:26 2021
 From G value:0.998.
-Mon Sep 20 02:35:26 2021
 New value:0.810.

-Mon Sep 20 02:35:27 2021
 From G value:0.810.
-Mon Sep 20 02:35:27 2021
 New value:0.994.

-Mon Sep 20 02:35:28 2021
 From G value:0.994.
-Mon Sep 20 02:35:28 2021
 New value:0.917.

-Mon Sep 20 02:35:29 2021
 From G value:0.917.
-Mon Sep 20 02:35:29 2021
 New value:1.000.

-Mon Sep 20 02:35:30 2021
 From G value:1.000.
-Mon Sep 20 02:35:30 2021
 New value:0.930.

-Mon Sep 20 02:35:31 2021
 From G value:0.930.
-Mon Sep 20 02:35:31 2021
 New value:0.872.

-Mon Sep 20 02:35:32 2021
 From G value:0.872.
-Mon Sep 20 02:35:32 2021
 New value:0.987.

-Mon Sep 20 02:35:33 2021
 From G value:0.987.
-Mon Sep 20 02:35:33 2021
 New value:0.823.

-Mon Sep 20 02:35:34 2021
 From G value:0.823.
-Mon Sep 20 02:35:34 2021
 New value:0.964.

-Mon Sep 20 02:35:35 2021
 From G value:0.964.
-Mon Sep 20 02:35:35 2021
 New value:0.977.

-Mon Sep 20 02:35:36 2021
 From G value:0.977.
-Mon Sep 20 02:35:36 2021
 New value:0.998.

-Mon Sep 20 02:35:37 2021
 From G value:0.998.
-Mon Sep 20 02:35:37 2021
 New value:0.921.

-Mon Sep 20 02:35:38 2021
 From G value:0.921.
-Mon Sep 20 02:35:38 2021
 New value:0.995.

-Mon Sep 20 02:35:39 2021
 From G value:0.995.
-Mon Sep 20 02:35:39 2021
 New value:0.634.

-Mon Sep 20 02:35:41 2021
 From G value:0.634.
-Mon Sep 20 02:35:41 2021
 New value:0.843.

-Mon Sep 20 02:35:42 2021
 From G value:0.843.
-Mon Sep 20 02:35:42 2021
 New value:0.897.

-Mon Sep 20 02:35:43 2021
 From G value:0.897.
-Mon Sep 20 02:35:43 2021
 New value:0.973.

-Mon Sep 20 02:35:44 2021
 From G value:0.973.
-Mon Sep 20 02:35:44 2021
 New value:1.000.

-Mon Sep 20 02:35:45 2021
 From G value:1.000.
-Mon Sep 20 02:35:45 2021
 New value:0.970.

-Mon Sep 20 02:35:46 2021
 From G value:0.970.
-Mon Sep 20 02:35:46 2021
 New value:0.872.

-Mon Sep 20 02:35:47 2021
 From G value:0.872.
-Mon Sep 20 02:35:47 2021
 New value:0.982.

-Mon Sep 20 02:35:48 2021
 From G value:0.982.
-Mon Sep 20 02:35:48 2021
 New value:0.815.

-Mon Sep 20 02:35:49 2021
 From G value:0.815.
-Mon Sep 20 02:35:49 2021
 New value:0.964.

-Mon Sep 20 02:35:50 2021
 From G value:0.964.
-Mon Sep 20 02:35:50 2021
 New value:0.873.

-Mon Sep 20 02:35:51 2021
 From G value:0.873.
-Mon Sep 20 02:35:51 2021
 New value:1.000.

-Mon Sep 20 02:35:52 2021
 From G value:1.000.
-Mon Sep 20 02:35:52 2021
 New value:0.601.

-Mon Sep 20 02:35:53 2021
 From G value:0.601.
-Mon Sep 20 02:35:53 2021
 New value:0.863.

-Mon Sep 20 02:35:54 2021
 From G value:0.863.
-Mon Sep 20 02:35:54 2021
 New value:0.930.

-Mon Sep 20 02:35:55 2021
 From G value:0.930.
-Mon Sep 20 02:35:55 2021
 New value:0.995.

-Mon Sep 20 02:35:56 2021
 From G value:0.995.
-Mon Sep 20 02:35:56 2021
 New value:0.992.

-Mon Sep 20 02:35:57 2021
 From G value:0.992.
-Mon Sep 20 02:35:57 2021
 New value:0.976.

-Mon Sep 20 02:35:58 2021
 From G value:0.976.
-Mon Sep 20 02:35:58 2021
 New value:0.808.

-Mon Sep 20 02:35:59 2021
 From G value:0.808.
-Mon Sep 20 02:35:59 2021
 New value:0.989.

-Mon Sep 20 02:36:00 2021
 From G value:0.989.
-Mon Sep 20 02:36:00 2021
 New value:0.574.

-Mon Sep 20 02:36:01 2021
 From G value:0.574.
-Mon Sep 20 02:36:01 2021
 New value:0.960.

-Mon Sep 20 02:36:02 2021
 From G value:0.960.
-Mon Sep 20 02:36:02 2021
 New value:0.772.

-Mon Sep 20 02:36:03 2021
 From G value:0.772.
-Mon Sep 20 02:36:03 2021
 New value:0.994.

-Mon Sep 20 02:36:04 2021
 From G value:0.994.
-Mon Sep 20 02:36:04 2021
 New value:0.912.

-Mon Sep 20 02:36:05 2021
 From G value:0.912.
-Mon Sep 20 02:36:05 2021
 New value:-0.762.

-Mon Sep 20 02:36:06 2021
 From G value:-0.762.
-Mon Sep 20 02:36:06 2021
 New value:-0.378.

-Mon Sep 20 02:36:07 2021
 From G value:-0.378.
-Mon Sep 20 02:36:07 2021
 New value:0.396.

-Mon Sep 20 02:36:08 2021
 From G value:0.396.
-Mon Sep 20 02:36:08 2021
 New value:0.908.

-Mon Sep 20 02:36:09 2021
 From G value:0.908.
-Mon Sep 20 02:36:09 2021
 New value:0.920.

-Mon Sep 20 02:36:10 2021
 From G value:0.920.
-Mon Sep 20 02:36:10 2021
 New value:-0.585.

-Mon Sep 20 02:36:11 2021
 From G value:-0.585.
-Mon Sep 20 02:36:11 2021
 New value:0.315.

-Mon Sep 20 02:36:12 2021
 From G value:0.315.
-Mon Sep 20 02:36:12 2021
 New value:0.998.

-Mon Sep 20 02:36:13 2021
 From G value:0.998.
-Mon Sep 20 02:36:13 2021
 New value:0.824.

-Mon Sep 20 02:36:14 2021
 From G value:0.824.
-Mon Sep 20 02:36:14 2021
 New value:0.767.

-Mon Sep 20 02:36:15 2021
 From G value:0.767.
-Mon Sep 20 02:36:15 2021
 New value:1.000.

-Mon Sep 20 02:36:16 2021
 From G value:1.000.
-Mon Sep 20 02:36:16 2021
 New value:0.453.

-Mon Sep 20 02:36:17 2021
 From G value:0.453.
-Mon Sep 20 02:36:17 2021
 New value:0.959.

-Mon Sep 20 02:36:18 2021
 From G value:0.959.
-Mon Sep 20 02:36:18 2021
 New value:0.719.

-Mon Sep 20 02:36:19 2021
 From G value:0.719.
-Mon Sep 20 02:36:19 2021
 New value:0.115.

-Mon Sep 20 02:36:20 2021
 From G value:0.115.
-Mon Sep 20 02:36:20 2021
 New value:0.926.

-Mon Sep 20 02:36:21 2021
 From G value:0.926.
-Mon Sep 20 02:36:21 2021
 New value:0.778.

-Mon Sep 20 02:36:22 2021
 From G value:0.778.
-Mon Sep 20 02:36:22 2021
 New value:0.865.

-Mon Sep 20 02:36:23 2021
 From G value:0.865.
-Mon Sep 20 02:36:23 2021
 New value:0.808.

-Mon Sep 20 02:36:24 2021
 From G value:0.808.
-Mon Sep 20 02:36:24 2021
 New value:-0.642.

-Mon Sep 20 02:36:25 2021
 From G value:-0.642.
-Mon Sep 20 02:36:25 2021
 New value:0.167.

-Mon Sep 20 02:36:26 2021
 From G value:0.167.
-Mon Sep 20 02:36:26 2021
 New value:0.981.

-Mon Sep 20 02:36:27 2021
 From G value:0.981.
-Mon Sep 20 02:36:27 2021
 New value:0.717.

-Mon Sep 20 02:36:28 2021
 From G value:0.717.
-Mon Sep 20 02:36:28 2021
 New value:0.998.

-Mon Sep 20 02:36:29 2021
 From G value:0.998.
-Mon Sep 20 02:36:29 2021
 New value:-0.655.

-Mon Sep 20 02:36:30 2021
 From G value:-0.655.
-Mon Sep 20 02:36:30 2021
 New value:-0.208.

-Mon Sep 20 02:36:31 2021
 From G value:-0.208.
-Mon Sep 20 02:36:31 2021
 New value:0.410.

-Mon Sep 20 02:36:32 2021
 From G value:0.410.
-Mon Sep 20 02:36:32 2021
 New value:0.975.

-Mon Sep 20 02:36:33 2021
 From G value:0.975.
-Mon Sep 20 02:36:33 2021
 New value:0.797.

-Mon Sep 20 02:36:34 2021
 From G value:0.797.
-Mon Sep 20 02:36:34 2021
 New value:0.961.

-Mon Sep 20 02:36:35 2021
 From G value:0.961.
-Mon Sep 20 02:36:35 2021
 New value:0.988.

-Mon Sep 20 02:36:36 2021
 From G value:0.988.
-Mon Sep 20 02:36:36 2021
 New value:0.943.

-Mon Sep 20 02:36:37 2021
 From G value:0.943.
-Mon Sep 20 02:36:37 2021
 New value:0.669.

-Mon Sep 20 02:36:38 2021
 From G value:0.669.
-Mon Sep 20 02:36:38 2021
 New value:0.982.

-Mon Sep 20 02:36:39 2021
 From G value:0.982.
-Mon Sep 20 02:36:39 2021
 New value:0.891.

-Mon Sep 20 02:36:40 2021
 From G value:0.891.
-Mon Sep 20 02:36:40 2021
 New value:0.765.

-Mon Sep 20 02:36:41 2021
 From G value:0.765.
-Mon Sep 20 02:36:41 2021
 New value:0.631.

-Mon Sep 20 02:36:42 2021
 From G value:0.631.
-Mon Sep 20 02:36:42 2021
 New value:0.980.

-Mon Sep 20 02:36:43 2021
 From G value:0.980.
-Mon Sep 20 02:36:43 2021
 New value:0.923.

-Mon Sep 20 02:36:44 2021
 From G value:0.923.
-Mon Sep 20 02:36:44 2021
 New value:0.613.

-Mon Sep 20 02:36:45 2021
 From G value:0.613.
-Mon Sep 20 02:36:45 2021
 New value:0.955.

-Mon Sep 20 02:36:46 2021
 From G value:0.955.
-Mon Sep 20 02:36:46 2021
 New value:0.518.

-Mon Sep 20 02:36:47 2021
 From G value:0.518.
-Mon Sep 20 02:36:47 2021
 New value:0.927.

-Mon Sep 20 02:36:48 2021
 From G value:0.927.
-Mon Sep 20 02:36:48 2021
 New value:0.816.

-Mon Sep 20 02:36:49 2021
 From G value:0.816.
-Mon Sep 20 02:36:49 2021
 New value:-0.648.

-Mon Sep 20 02:36:50 2021
 From G value:-0.648.
-Mon Sep 20 02:36:50 2021
 New value:-0.292.

-Mon Sep 20 02:36:51 2021
 From G value:-0.292.
-Mon Sep 20 02:36:51 2021
 New value:0.191.

-Mon Sep 20 02:36:52 2021
 From G value:0.191.
-Mon Sep 20 02:36:52 2021
 New value:0.824.

-Mon Sep 20 02:36:53 2021
 From G value:0.824.
-Mon Sep 20 02:36:53 2021
 New value:0.949.

-Mon Sep 20 02:36:54 2021
 From G value:0.949.
-Mon Sep 20 02:36:54 2021
 New value:0.666.

-Mon Sep 20 02:36:55 2021
 From G value:0.666.
-Mon Sep 20 02:36:55 2021
 New value:0.933.

-Mon Sep 20 02:36:56 2021
 From G value:0.933.
-Mon Sep 20 02:36:56 2021
 New value:0.927.

-Mon Sep 20 02:36:57 2021
 From G value:0.927.
-Mon Sep 20 02:36:57 2021
 New value:0.846.

-Mon Sep 20 02:36:58 2021
 From G value:0.846.
-Mon Sep 20 02:36:58 2021
 New value:0.974.

-Mon Sep 20 02:36:59 2021
 From G value:0.974.
-Mon Sep 20 02:36:59 2021
 New value:0.948.

-Mon Sep 20 02:37:00 2021
 From G value:0.948.
-Mon Sep 20 02:37:00 2021
 New value:0.746.

-Mon Sep 20 02:37:01 2021
 From G value:0.746.
-Mon Sep 20 02:37:01 2021
 New value:0.982.

-Mon Sep 20 02:37:02 2021
 From G value:0.982.
-Mon Sep 20 02:37:02 2021
 New value:-0.602.

-Mon Sep 20 02:37:03 2021
 From G value:-0.602.
-Mon Sep 20 02:37:03 2021
 New value:0.869.

-Mon Sep 20 02:37:04 2021
 From G value:0.869.
-Mon Sep 20 02:37:04 2021
 New value:0.998.

-Mon Sep 20 02:37:05 2021
 From G value:0.998.
-Mon Sep 20 02:37:05 2021
 New value:0.875.

-Mon Sep 20 02:37:06 2021
 From G value:0.875.
-Mon Sep 20 02:37:06 2021
 New value:0.995.

-Mon Sep 20 02:37:07 2021
 From G value:0.995.
-Mon Sep 20 02:37:07 2021
 New value:0.592.

-Mon Sep 20 02:37:08 2021
 From G value:0.592.
-Mon Sep 20 02:37:08 2021
 New value:0.991.

-Mon Sep 20 02:37:09 2021
 From G value:0.991.
-Mon Sep 20 02:37:09 2021
 New value:-0.974.

-Mon Sep 20 02:37:10 2021
 From G value:-0.974.
-Mon Sep 20 02:37:10 2021
 New value:-0.551.

-Mon Sep 20 02:37:11 2021
 From G value:-0.551.
-Mon Sep 20 02:37:11 2021
 New value:0.414.

-Mon Sep 20 02:37:12 2021
 From G value:0.414.
-Mon Sep 20 02:37:12 2021
 New value:0.900.

-Mon Sep 20 02:37:13 2021
 From G value:0.900.
-Mon Sep 20 02:37:13 2021
 New value:0.939.

-Mon Sep 20 02:37:14 2021
 From G value:0.939.
-Mon Sep 20 02:37:14 2021
 New value:0.856.

-Mon Sep 20 02:37:15 2021
 From G value:0.856.
-Mon Sep 20 02:37:15 2021
 New value:0.997.

-Mon Sep 20 02:37:17 2021
 From G value:0.997.
-Mon Sep 20 02:37:17 2021
 New value:0.343.

-Mon Sep 20 02:37:18 2021
 From G value:0.343.
-Mon Sep 20 02:37:18 2021
 New value:0.880.

-Mon Sep 20 02:37:19 2021
 From G value:0.880.
-Mon Sep 20 02:37:19 2021
 New value:0.955.

-Mon Sep 20 02:37:20 2021
 From G value:0.955.
-Mon Sep 20 02:37:20 2021
 New value:0.966.

-Mon Sep 20 02:37:21 2021
 From G value:0.966.
-Mon Sep 20 02:37:21 2021
 New value:0.805.

-Mon Sep 20 02:37:22 2021
 From G value:0.805.
-Mon Sep 20 02:37:22 2021
 New value:0.935.

-Mon Sep 20 02:37:23 2021
 From G value:0.935.
-Mon Sep 20 02:37:23 2021
 New value:0.966.

-Mon Sep 20 02:37:24 2021
 From G value:0.966.
-Mon Sep 20 02:37:24 2021
 New value:0.842.

-Mon Sep 20 02:37:25 2021
 From G value:0.842.
-Mon Sep 20 02:37:25 2021
 New value:0.103.

-Mon Sep 20 02:37:26 2021
 From G value:0.103.
-Mon Sep 20 02:37:26 2021
 New value:0.980.

-Mon Sep 20 02:37:27 2021
 From G value:0.980.
-Mon Sep 20 02:37:27 2021
 New value:0.639.

-Mon Sep 20 02:37:28 2021
 From G value:0.639.
-Mon Sep 20 02:37:28 2021
 New value:0.995.

-Mon Sep 20 02:37:29 2021
 From G value:0.995.
-Mon Sep 20 02:37:29 2021
 New value:0.271.

-Mon Sep 20 02:37:30 2021
 From G value:0.271.
-Mon Sep 20 02:37:30 2021
 New value:0.893.

-Mon Sep 20 02:37:31 2021
 From G value:0.893.
-Mon Sep 20 02:37:31 2021
 New value:0.876.

-Mon Sep 20 02:37:32 2021
 From G value:0.876.
-Mon Sep 20 02:37:32 2021
 New value:0.888.

-Mon Sep 20 02:37:33 2021
 From G value:0.888.
-Mon Sep 20 02:37:33 2021
 New value:0.941.

-Mon Sep 20 02:37:34 2021
 From G value:0.941.
-Mon Sep 20 02:37:34 2021
 New value:0.811.

-Mon Sep 20 02:37:35 2021
 From G value:0.811.
-Mon Sep 20 02:37:35 2021
 New value:0.899.

-Mon Sep 20 02:37:36 2021
 From G value:0.899.
-Mon Sep 20 02:37:36 2021
 New value:0.949.

-Mon Sep 20 02:37:37 2021
 From G value:0.949.
-Mon Sep 20 02:37:37 2021
 New value:0.968.

-Mon Sep 20 02:37:38 2021
 From G value:0.968.
-Mon Sep 20 02:37:38 2021
 New value:1.000.

-Mon Sep 20 02:37:39 2021
 From G value:1.000.
-Mon Sep 20 02:37:39 2021
 New value:0.401.

-Mon Sep 20 02:37:40 2021
 From G value:0.401.
-Mon Sep 20 02:37:40 2021
 New value:0.995.

-Mon Sep 20 02:37:41 2021
 From G value:0.995.
-Mon Sep 20 02:37:41 2021
 New value:0.985.

-Mon Sep 20 02:37:42 2021
 From G value:0.985.
-Mon Sep 20 02:37:42 2021
 New value:0.915.

-Mon Sep 20 02:37:43 2021
 From G value:0.915.
-Mon Sep 20 02:37:43 2021
 New value:1.000.

-Mon Sep 20 02:37:44 2021
 From G value:1.000.
-Mon Sep 20 02:37:44 2021
 New value:0.716.

-Mon Sep 20 02:37:45 2021
 From G value:0.716.
-Mon Sep 20 02:37:45 2021
 New value:0.943.

-Mon Sep 20 02:37:46 2021
 From G value:0.943.
-Mon Sep 20 02:37:46 2021
 New value:0.976.

-Mon Sep 20 02:37:47 2021
 From G value:0.976.
-Mon Sep 20 02:37:47 2021
 New value:1.000.

-Mon Sep 20 02:37:48 2021
 From G value:1.000.
-Mon Sep 20 02:37:48 2021
 New value:0.925.

-Mon Sep 20 02:37:49 2021
 From G value:0.925.
-Mon Sep 20 02:37:49 2021
 New value:1.000.

-Mon Sep 20 02:37:50 2021
 From G value:1.000.
-Mon Sep 20 02:37:50 2021
 New value:0.903.

-Mon Sep 20 02:37:51 2021
 From G value:0.903.
-Mon Sep 20 02:37:51 2021
 New value:1.000.

-Mon Sep 20 02:37:52 2021
 From G value:1.000.
-Mon Sep 20 02:37:52 2021
 New value:0.676.

-Mon Sep 20 02:37:53 2021
 From G value:0.676.
-Mon Sep 20 02:37:53 2021
 New value:0.951.

-Mon Sep 20 02:37:54 2021
 From G value:0.951.
-Mon Sep 20 02:37:54 2021
 New value:0.907.

-Mon Sep 20 02:37:55 2021
 From G value:0.907.
-Mon Sep 20 02:37:55 2021
 New value:0.992.

-Mon Sep 20 02:37:56 2021
 From G value:0.992.
-Mon Sep 20 02:37:56 2021
 New value:0.918.

-Mon Sep 20 02:37:57 2021
 From G value:0.918.
-Mon Sep 20 02:37:57 2021
 New value:0.994.

-Mon Sep 20 02:37:58 2021
 From G value:0.994.
-Mon Sep 20 02:37:58 2021
 New value:0.885.

-Mon Sep 20 02:37:59 2021
 From G value:0.885.
-Mon Sep 20 02:37:59 2021
 New value:0.985.

-Mon Sep 20 02:38:00 2021
 From G value:0.985.
-Mon Sep 20 02:38:00 2021
 New value:0.698.

-Mon Sep 20 02:38:01 2021
 From G value:0.698.
-Mon Sep 20 02:38:01 2021
 New value:0.959.

-Mon Sep 20 02:38:02 2021
 From G value:0.959.
-Mon Sep 20 02:38:02 2021
 New value:0.507.

-Mon Sep 20 02:38:03 2021
 From G value:0.507.
-Mon Sep 20 02:38:03 2021
 New value:0.882.

-Mon Sep 20 02:38:04 2021
 From G value:0.882.
-Mon Sep 20 02:38:04 2021
 New value:0.648.

-Mon Sep 20 02:38:05 2021
 From G value:0.648.
-Mon Sep 20 02:38:05 2021
 New value:-0.100.

-Mon Sep 20 02:38:06 2021
 From G value:-0.100.
-Mon Sep 20 02:38:06 2021
 New value:0.817.

-Mon Sep 20 02:38:07 2021
 From G value:0.817.
-Mon Sep 20 02:38:07 2021
 New value:0.959.

-Mon Sep 20 02:38:08 2021
 From G value:0.959.
-Mon Sep 20 02:38:08 2021
 New value:0.795.

-Mon Sep 20 02:38:09 2021
 From G value:0.795.
-Mon Sep 20 02:38:09 2021
 New value:0.914.

-Mon Sep 20 02:38:10 2021
 From G value:0.914.
-Mon Sep 20 02:38:10 2021
 New value:0.648.

-Mon Sep 20 02:38:11 2021
 From G value:0.648.
-Mon Sep 20 02:38:11 2021
 New value:0.936.

-Mon Sep 20 02:38:12 2021
 From G value:0.936.
-Mon Sep 20 02:38:12 2021
 New value:0.965.

-Mon Sep 20 02:38:13 2021
 From G value:0.965.
-Mon Sep 20 02:38:13 2021
 New value:0.792.

-Mon Sep 20 02:38:14 2021
 From G value:0.792.
-Mon Sep 20 02:38:14 2021
 New value:1.000.

-Mon Sep 20 02:38:15 2021
 From G value:1.000.
-Mon Sep 20 02:38:15 2021
 New value:0.941.

-Mon Sep 20 02:38:16 2021
 From G value:0.941.
-Mon Sep 20 02:38:16 2021
 New value:0.994.

-Mon Sep 20 02:38:17 2021
 From G value:0.994.
-Mon Sep 20 02:38:17 2021
 New value:0.954.

-Mon Sep 20 02:38:18 2021
 From G value:0.954.
-Mon Sep 20 02:38:18 2021
 New value:0.692.

-Mon Sep 20 02:38:19 2021
 From G value:0.692.
-Mon Sep 20 02:38:19 2021
 New value:0.946.

-Mon Sep 20 02:38:20 2021
 From G value:0.946.
-Mon Sep 20 02:38:20 2021
 New value:0.725.

-Mon Sep 20 02:38:21 2021
 From G value:0.725.
-Mon Sep 20 02:38:21 2021
 New value:0.997.

-Mon Sep 20 02:38:22 2021
 From G value:0.997.
-Mon Sep 20 02:38:22 2021
 New value:0.750.

-Mon Sep 20 02:38:23 2021
 From G value:0.750.
-Mon Sep 20 02:38:23 2021
 New value:0.954.

-Mon Sep 20 02:38:24 2021
 From G value:0.954.
-Mon Sep 20 02:38:24 2021
 New value:0.942.

-Mon Sep 20 02:38:25 2021
 From G value:0.942.
-Mon Sep 20 02:38:25 2021
 New value:0.983.

-Mon Sep 20 02:38:26 2021
 From G value:0.983.
-Mon Sep 20 02:38:26 2021
 New value:0.763.

-Mon Sep 20 02:38:27 2021
 From G value:0.763.
-Mon Sep 20 02:38:27 2021
 New value:0.954.

-Mon Sep 20 02:38:28 2021
 From G value:0.954.
-Mon Sep 20 02:38:28 2021
 New value:0.751.

-Mon Sep 20 02:38:29 2021
 From G value:0.751.
-Mon Sep 20 02:38:29 2021
 New value:0.972.

-Mon Sep 20 02:38:30 2021
 From G value:0.972.
-Mon Sep 20 02:38:30 2021
 New value:0.324.

-Mon Sep 20 02:38:31 2021
 From G value:0.324.
-Mon Sep 20 02:38:31 2021
 New value:0.782.

-Mon Sep 20 02:38:32 2021
 From G value:0.782.
-Mon Sep 20 02:38:32 2021
 New value:0.918.

-Mon Sep 20 02:38:33 2021
 From G value:0.918.
-Mon Sep 20 02:38:33 2021
 New value:0.232.

-Mon Sep 20 02:38:34 2021
 From G value:0.232.
-Mon Sep 20 02:38:34 2021
 New value:0.985.

-Mon Sep 20 02:38:35 2021
 From G value:0.985.
-Mon Sep 20 02:38:35 2021
 New value:0.920.

-Mon Sep 20 02:38:36 2021
 From G value:0.920.
-Mon Sep 20 02:38:36 2021
 New value:0.958.

-Mon Sep 20 02:38:37 2021
 From G value:0.958.
-Mon Sep 20 02:38:37 2021
 New value:0.999.

-Mon Sep 20 02:38:38 2021
 From G value:0.999.
-Mon Sep 20 02:38:38 2021
 New value:0.533.

-Mon Sep 20 02:38:39 2021
 From G value:0.533.
-Mon Sep 20 02:38:39 2021
 New value:1.000.

-Mon Sep 20 02:38:40 2021
 From G value:1.000.
-Mon Sep 20 02:38:40 2021
 New value:0.818.

-Mon Sep 20 02:38:41 2021
 From G value:0.818.
-Mon Sep 20 02:38:41 2021
 New value:1.000.

-Mon Sep 20 02:38:42 2021
 From G value:1.000.
-Mon Sep 20 02:38:42 2021
 New value:0.879.

-Mon Sep 20 02:38:43 2021
 From G value:0.879.
-Mon Sep 20 02:38:43 2021
 New value:0.956.

-Mon Sep 20 02:38:44 2021
 From G value:0.956.
-Mon Sep 20 02:38:44 2021
 New value:0.863.

-Mon Sep 20 02:38:45 2021
 From G value:0.863.
-Mon Sep 20 02:38:45 2021
 New value:0.858.

-Mon Sep 20 02:38:46 2021
 From G value:0.858.
-Mon Sep 20 02:38:46 2021
 New value:0.970.

-Mon Sep 20 02:38:47 2021
 From G value:0.970.
-Mon Sep 20 02:38:47 2021
 New value:0.867.

-Mon Sep 20 02:38:48 2021
 From G value:0.867.
-Mon Sep 20 02:38:48 2021
 New value:0.952.

-Mon Sep 20 02:38:49 2021
 From G value:0.952.
-Mon Sep 20 02:38:49 2021
 New value:0.895.

-Mon Sep 20 02:38:50 2021
 From G value:0.895.
-Mon Sep 20 02:38:50 2021
 New value:0.773.

-Mon Sep 20 02:38:51 2021
 From G value:0.773.
-Mon Sep 20 02:38:51 2021
 New value:0.973.

-Mon Sep 20 02:38:52 2021
 From G value:0.973.
-Mon Sep 20 02:38:52 2021
 New value:0.607.

-Mon Sep 20 02:38:53 2021
 From G value:0.607.
-Mon Sep 20 02:38:53 2021
 New value:0.995.

-Mon Sep 20 02:38:54 2021
 From G value:0.995.
-Mon Sep 20 02:38:54 2021
 New value:-0.179.

-Mon Sep 20 02:38:55 2021
 From G value:-0.179.
-Mon Sep 20 02:38:55 2021
 New value:0.233.

-Mon Sep 20 02:38:56 2021
 From G value:0.233.
-Mon Sep 20 02:38:56 2021
 New value:0.965.

-Mon Sep 20 02:38:57 2021
 From G value:0.965.
-Mon Sep 20 02:38:57 2021
 New value:0.968.

-Mon Sep 20 02:38:58 2021
 From G value:0.968.
-Mon Sep 20 02:38:58 2021
 New value:1.000.

-Mon Sep 20 02:38:59 2021
 From G value:1.000.
-Mon Sep 20 02:38:59 2021
 New value:0.710.

-Mon Sep 20 02:39:00 2021
 From G value:0.710.
-Mon Sep 20 02:39:00 2021
 New value:0.942.

-Mon Sep 20 02:39:01 2021
 From G value:0.942.
-Mon Sep 20 02:39:01 2021
 New value:-0.843.

-Mon Sep 20 02:39:02 2021
 From G value:-0.843.
-Mon Sep 20 02:39:02 2021
 New value:-0.627.

-Mon Sep 20 02:39:03 2021
 From G value:-0.627.
-Mon Sep 20 02:39:03 2021
 New value:-0.261.

-Mon Sep 20 02:39:04 2021
 From G value:-0.261.
-Mon Sep 20 02:39:04 2021
 New value:0.447.

-Mon Sep 20 02:39:05 2021
 From G value:0.447.
-Mon Sep 20 02:39:05 2021
 New value:0.796.

-Mon Sep 20 02:39:06 2021
 From G value:0.796.
-Mon Sep 20 02:39:06 2021
 New value:0.988.

-Mon Sep 20 02:39:07 2021
 From G value:0.988.
-Mon Sep 20 02:39:07 2021
 New value:0.819.

-Mon Sep 20 02:39:08 2021
 From G value:0.819.
-Mon Sep 20 02:39:08 2021
 New value:0.945.

-Mon Sep 20 02:39:09 2021
 From G value:0.945.
-Mon Sep 20 02:39:09 2021
 New value:0.999.

-Mon Sep 20 02:39:10 2021
 From G value:0.999.
-Mon Sep 20 02:39:10 2021
 New value:0.901.

-Mon Sep 20 02:39:11 2021
 From G value:0.901.
-Mon Sep 20 02:39:11 2021
 New value:0.999.

-Mon Sep 20 02:39:12 2021
 From G value:0.999.
-Mon Sep 20 02:39:12 2021
 New value:-0.306.

-Mon Sep 20 02:39:13 2021
 From G value:-0.306.
-Mon Sep 20 02:39:13 2021
 New value:0.483.

-Mon Sep 20 02:39:14 2021
 From G value:0.483.
-Mon Sep 20 02:39:14 2021
 New value:0.935.

-Mon Sep 20 02:39:15 2021
 From G value:0.935.
-Mon Sep 20 02:39:15 2021
 New value:-0.713.

-Mon Sep 20 02:39:16 2021
 From G value:-0.713.
-Mon Sep 20 02:39:16 2021
 New value:0.707.

-Mon Sep 20 02:39:17 2021
 From G value:0.707.
-Mon Sep 20 02:39:17 2021
 New value:0.896.

-Mon Sep 20 02:39:18 2021
 From G value:0.896.
-Mon Sep 20 02:39:18 2021
 New value:0.976.

-Mon Sep 20 02:39:19 2021
 From G value:0.976.
-Mon Sep 20 02:39:19 2021
 New value:0.985.

-Mon Sep 20 02:39:20 2021
 From G value:0.985.
-Mon Sep 20 02:39:20 2021
 New value:0.893.

-Mon Sep 20 02:39:21 2021
 From G value:0.893.
-Mon Sep 20 02:39:21 2021
 New value:0.966.

-Mon Sep 20 02:39:22 2021
 From G value:0.966.
-Mon Sep 20 02:39:22 2021
 New value:0.978.

-Mon Sep 20 02:39:24 2021
 From G value:0.978.
-Mon Sep 20 02:39:24 2021
 New value:-0.203.

-Mon Sep 20 02:39:25 2021
 From G value:-0.203.
-Mon Sep 20 02:39:25 2021
 New value:0.645.

-Mon Sep 20 02:39:26 2021
 From G value:0.645.
-Mon Sep 20 02:39:26 2021
 New value:0.964.

-Mon Sep 20 02:39:27 2021
 From G value:0.964.
-Mon Sep 20 02:39:27 2021
 New value:0.576.

-Mon Sep 20 02:39:28 2021
 From G value:0.576.
-Mon Sep 20 02:39:28 2021
 New value:0.836.

-Mon Sep 20 02:39:29 2021
 From G value:0.836.
-Mon Sep 20 02:39:29 2021
 New value:0.988.

-Mon Sep 20 02:39:30 2021
 From G value:0.988.
-Mon Sep 20 02:39:30 2021
 New value:0.927.

-Mon Sep 20 02:39:31 2021
 From G value:0.927.
-Mon Sep 20 02:39:31 2021
 New value:0.997.

-Mon Sep 20 02:39:32 2021
 From G value:0.997.
-Mon Sep 20 02:39:32 2021
 New value:0.810.

-Mon Sep 20 02:39:33 2021
 From G value:0.810.
-Mon Sep 20 02:39:33 2021
 New value:0.910.

-Mon Sep 20 02:39:34 2021
 From G value:0.910.
-Mon Sep 20 02:39:34 2021
 New value:0.669.

-Mon Sep 20 02:39:35 2021
 From G value:0.669.
-Mon Sep 20 02:39:35 2021
 New value:0.939.

-Mon Sep 20 02:39:36 2021
 From G value:0.939.
-Mon Sep 20 02:39:36 2021
 New value:0.983.

-Mon Sep 20 02:39:37 2021
 From G value:0.983.
-Mon Sep 20 02:39:37 2021
 New value:0.990.

-Mon Sep 20 02:39:38 2021
 From G value:0.990.
-Mon Sep 20 02:39:38 2021
 New value:0.686.

-Mon Sep 20 02:39:39 2021
 From G value:0.686.
-Mon Sep 20 02:39:39 2021
 New value:0.944.

-Mon Sep 20 02:39:40 2021
 From G value:0.944.
-Mon Sep 20 02:39:40 2021
 New value:0.884.

-Mon Sep 20 02:39:41 2021
 From G value:0.884.
-Mon Sep 20 02:39:41 2021
 New value:0.999.

-Mon Sep 20 02:39:42 2021
 From G value:0.999.
-Mon Sep 20 02:39:42 2021
 New value:0.033.

-Mon Sep 20 02:39:43 2021
 From G value:0.033.
-Mon Sep 20 02:39:43 2021
 New value:0.645.

-Mon Sep 20 02:39:44 2021
 From G value:0.645.
-Mon Sep 20 02:39:44 2021
 New value:0.957.

-Mon Sep 20 02:39:45 2021
 From G value:0.957.
-Mon Sep 20 02:39:45 2021
 New value:-0.604.

-Mon Sep 20 02:39:46 2021
 From G value:-0.604.
-Mon Sep 20 02:39:46 2021
 New value:0.987.

-Mon Sep 20 02:39:47 2021
 From G value:0.987.
-Mon Sep 20 02:39:47 2021
 New value:0.839.

-Mon Sep 20 02:39:48 2021
 From G value:0.839.
-Mon Sep 20 02:39:48 2021
 New value:0.792.

-Mon Sep 20 02:39:49 2021
 From G value:0.792.
-Mon Sep 20 02:39:49 2021
 New value:0.995.

-Mon Sep 20 02:39:50 2021
 From G value:0.995.
-Mon Sep 20 02:39:50 2021
 New value:0.984.

-Mon Sep 20 02:39:51 2021
 From G value:0.984.
-Mon Sep 20 02:39:51 2021
 New value:0.944.

-Mon Sep 20 02:39:52 2021
 From G value:0.944.
-Mon Sep 20 02:39:52 2021
 New value:0.335.

-Mon Sep 20 02:39:53 2021
 From G value:0.335.
-Mon Sep 20 02:39:53 2021
 New value:0.590.

-Mon Sep 20 02:39:54 2021
 From G value:0.590.
-Mon Sep 20 02:39:54 2021
 New value:0.841.

-Mon Sep 20 02:39:55 2021
 From G value:0.841.
-Mon Sep 20 02:39:55 2021
 New value:0.960.

-Mon Sep 20 02:39:56 2021
 From G value:0.960.
-Mon Sep 20 02:39:56 2021
 New value:0.990.

-Mon Sep 20 02:39:57 2021
 From G value:0.990.
-Mon Sep 20 02:39:57 2021
 New value:0.923.

-Mon Sep 20 02:39:58 2021
 From G value:0.923.
-Mon Sep 20 02:39:58 2021
 New value:0.908.

-Mon Sep 20 02:39:59 2021
 From G value:0.908.
-Mon Sep 20 02:39:59 2021
 New value:0.999.

-Mon Sep 20 02:40:00 2021
 From G value:0.999.
-Mon Sep 20 02:40:00 2021
 New value:0.938.

-Mon Sep 20 02:40:01 2021
 From G value:0.938.
-Mon Sep 20 02:40:01 2021
 New value:0.996.

-Mon Sep 20 02:40:02 2021
 From G value:0.996.
-Mon Sep 20 02:40:02 2021
 New value:-0.301.

-Mon Sep 20 02:40:03 2021
 From G value:-0.301.
-Mon Sep 20 02:40:03 2021
 New value:-0.098.

-Mon Sep 20 02:40:04 2021
 From G value:-0.098.
-Mon Sep 20 02:40:04 2021
 New value:0.811.

-Mon Sep 20 02:40:05 2021
 From G value:0.811.
-Mon Sep 20 02:40:05 2021
 New value:0.982.

-Mon Sep 20 02:40:06 2021
 From G value:0.982.
-Mon Sep 20 02:40:06 2021
 New value:0.275.

-Mon Sep 20 02:40:07 2021
 From G value:0.275.
-Mon Sep 20 02:40:07 2021
 New value:0.544.

-Mon Sep 20 02:40:08 2021
 From G value:0.544.
-Mon Sep 20 02:40:08 2021
 New value:0.742.

-Mon Sep 20 02:40:09 2021
 From G value:0.742.
-Mon Sep 20 02:40:09 2021
 New value:0.893.

-Mon Sep 20 02:40:10 2021
 From G value:0.893.
-Mon Sep 20 02:40:10 2021
 New value:0.969.

-Mon Sep 20 02:40:11 2021
 From G value:0.969.
-Mon Sep 20 02:40:11 2021
 New value:1.000.

-Mon Sep 20 02:40:12 2021
 From G value:1.000.
-Mon Sep 20 02:40:12 2021
 New value:0.723.

-Mon Sep 20 02:40:13 2021
 From G value:0.723.
-Mon Sep 20 02:40:13 2021
 New value:0.895.

-Mon Sep 20 02:40:14 2021
 From G value:0.895.
-Mon Sep 20 02:40:14 2021
 New value:0.987.

-Mon Sep 20 02:40:15 2021
 From G value:0.987.
-Mon Sep 20 02:40:15 2021
 New value:0.957.

-Mon Sep 20 02:40:16 2021
 From G value:0.957.
-Mon Sep 20 02:40:16 2021
 New value:0.995.

-Mon Sep 20 02:40:17 2021
 From G value:0.995.
-Mon Sep 20 02:40:17 2021
 New value:0.891.

-Mon Sep 20 02:40:18 2021
 From G value:0.891.
-Mon Sep 20 02:40:18 2021
 New value:0.998.

-Mon Sep 20 02:40:19 2021
 From G value:0.998.
-Mon Sep 20 02:40:19 2021
 New value:0.963.

-Mon Sep 20 02:40:20 2021
 From G value:0.963.
-Mon Sep 20 02:40:20 2021
 New value:0.999.

-Mon Sep 20 02:40:21 2021
 From G value:0.999.
-Mon Sep 20 02:40:21 2021
 New value:0.957.

-Mon Sep 20 02:40:22 2021
 From G value:0.957.
-Mon Sep 20 02:40:22 2021
 New value:1.000.

-Mon Sep 20 02:40:23 2021
 From G value:1.000.
-Mon Sep 20 02:40:23 2021
 New value:0.785.

-Mon Sep 20 02:40:24 2021
 From G value:0.785.
-Mon Sep 20 02:40:24 2021
 New value:0.966.

-Mon Sep 20 02:40:25 2021
 From G value:0.966.
-Mon Sep 20 02:40:25 2021
 New value:0.994.

-Mon Sep 20 02:40:26 2021
 From G value:0.994.
-Mon Sep 20 02:40:26 2021
 New value:0.785.

-Mon Sep 20 02:40:27 2021
 From G value:0.785.
-Mon Sep 20 02:40:27 2021
 New value:-0.021.

-Mon Sep 20 02:40:28 2021
 From G value:-0.021.
-Mon Sep 20 02:40:28 2021
 New value:0.278.

-Mon Sep 20 02:40:29 2021
 From G value:0.278.
-Mon Sep 20 02:40:29 2021
 New value:0.661.

-Mon Sep 20 02:40:30 2021
 From G value:0.661.
-Mon Sep 20 02:40:30 2021
 New value:0.737.

-Mon Sep 20 02:40:31 2021
 From G value:0.737.
-Mon Sep 20 02:40:31 2021
 New value:0.980.

-Mon Sep 20 02:40:32 2021
 From G value:0.980.
-Mon Sep 20 02:40:32 2021
 New value:0.783.

-Mon Sep 20 02:40:33 2021
 From G value:0.783.
-Mon Sep 20 02:40:33 2021
 New value:0.495.

-Mon Sep 20 02:40:34 2021
 From G value:0.495.
-Mon Sep 20 02:40:34 2021
 New value:0.931.

-Mon Sep 20 02:40:35 2021
 From G value:0.931.
-Mon Sep 20 02:40:35 2021
 New value:0.699.

-Mon Sep 20 02:40:36 2021
 From G value:0.699.
-Mon Sep 20 02:40:36 2021
 New value:0.930.

-Mon Sep 20 02:40:37 2021
 From G value:0.930.
-Mon Sep 20 02:40:37 2021
 New value:0.556.

-Mon Sep 20 02:40:38 2021
 From G value:0.556.
-Mon Sep 20 02:40:38 2021
 New value:0.814.

-Mon Sep 20 02:40:39 2021
 From G value:0.814.
-Mon Sep 20 02:40:39 2021
 New value:0.994.

-Mon Sep 20 02:40:40 2021
 From G value:0.994.
-Mon Sep 20 02:40:40 2021
 New value:0.975.

-Mon Sep 20 02:40:41 2021
 From G value:0.975.
-Mon Sep 20 02:40:41 2021
 New value:0.950.

-Mon Sep 20 02:40:42 2021
 From G value:0.950.
-Mon Sep 20 02:40:42 2021
 New value:0.598.

-Mon Sep 20 02:40:43 2021
 From G value:0.598.
-Mon Sep 20 02:40:43 2021
 New value:0.852.

-Mon Sep 20 02:40:44 2021
 From G value:0.852.
-Mon Sep 20 02:40:44 2021
 New value:0.976.

-Mon Sep 20 02:40:45 2021
 From G value:0.976.
-Mon Sep 20 02:40:45 2021
 New value:0.968.

-Mon Sep 20 02:40:46 2021
 From G value:0.968.
-Mon Sep 20 02:40:46 2021
 New value:0.998.

-Mon Sep 20 02:40:47 2021
 From G value:0.998.
-Mon Sep 20 02:40:47 2021
 New value:0.957.

-Mon Sep 20 02:40:48 2021
 From G value:0.957.
-Mon Sep 20 02:40:48 2021
 New value:1.000.

-Mon Sep 20 02:40:49 2021
 From G value:1.000.
-Mon Sep 20 02:40:49 2021
 New value:0.950.

-Mon Sep 20 02:40:50 2021
 From G value:0.950.
-Mon Sep 20 02:40:50 2021
 New value:0.972.

-Mon Sep 20 02:40:51 2021
 From G value:0.972.
-Mon Sep 20 02:40:51 2021
 New value:0.985.

-Mon Sep 20 02:40:52 2021
 From G value:0.985.
-Mon Sep 20 02:40:52 2021
 New value:0.885.

-Mon Sep 20 02:40:53 2021
 From G value:0.885.
-Mon Sep 20 02:40:53 2021
 New value:0.997.

-Mon Sep 20 02:40:54 2021
 From G value:0.997.
-Mon Sep 20 02:40:54 2021
 New value:0.954.

-Mon Sep 20 02:40:55 2021
 From G value:0.954.
-Mon Sep 20 02:40:55 2021
 New value:0.976.

-Mon Sep 20 02:40:56 2021
 From G value:0.976.
-Mon Sep 20 02:40:56 2021
 New value:0.372.

-Mon Sep 20 02:40:57 2021
 From G value:0.372.
-Mon Sep 20 02:40:57 2021
 New value:0.775.

-Mon Sep 20 02:40:58 2021
 From G value:0.775.
-Mon Sep 20 02:40:58 2021
 New value:0.926.

-Mon Sep 20 02:40:59 2021
 From G value:0.926.
-Mon Sep 20 02:40:59 2021
 New value:0.998.

-Mon Sep 20 02:41:00 2021
 From G value:0.998.
-Mon Sep 20 02:41:00 2021
 New value:0.933.

-Mon Sep 20 02:41:01 2021
 From G value:0.933.
-Mon Sep 20 02:41:01 2021
 New value:0.987.

-Mon Sep 20 02:41:02 2021
 From G value:0.987.
-Mon Sep 20 02:41:02 2021
 New value:1.000.

-Mon Sep 20 02:41:03 2021
 From G value:1.000.
-Mon Sep 20 02:41:03 2021
 New value:0.966.

-Mon Sep 20 02:41:04 2021
 From G value:0.966.
-Mon Sep 20 02:41:04 2021
 New value:0.998.

-Mon Sep 20 02:41:05 2021
 From G value:0.998.
-Mon Sep 20 02:41:05 2021
 New value:0.867.

-Mon Sep 20 02:41:06 2021
 From G value:0.867.
-Mon Sep 20 02:41:06 2021
 New value:0.974.

-Mon Sep 20 02:41:07 2021
 From G value:0.974.
-Mon Sep 20 02:41:07 2021
 New value:0.999.

-Mon Sep 20 02:41:08 2021
 From G value:0.999.
-Mon Sep 20 02:41:08 2021
 New value:0.767.

-Mon Sep 20 02:41:09 2021
 From G value:0.767.
-Mon Sep 20 02:41:09 2021
 New value:1.000.

-Mon Sep 20 02:41:10 2021
 From G value:1.000.
-Mon Sep 20 02:41:10 2021
 New value:0.164.

-Mon Sep 20 02:41:11 2021
 From G value:0.164.
-Mon Sep 20 02:41:11 2021
 New value:0.956.

-Mon Sep 20 02:41:12 2021
 From G value:0.956.
-Mon Sep 20 02:41:12 2021
 New value:-0.035.

-Mon Sep 20 02:41:13 2021
 From G value:-0.035.
-Mon Sep 20 02:41:13 2021
 New value:0.986.

-Mon Sep 20 02:41:14 2021
 From G value:0.986.
-Mon Sep 20 02:41:14 2021
 New value:0.958.

-Mon Sep 20 02:41:15 2021
 From G value:0.958.
-Mon Sep 20 02:41:15 2021
 New value:0.996.

-Mon Sep 20 02:41:16 2021
 From G value:0.996.
-Mon Sep 20 02:41:16 2021
 New value:0.978.

-Mon Sep 20 02:41:17 2021
 From G value:0.978.
-Mon Sep 20 02:41:17 2021
 New value:1.000.

-Mon Sep 20 02:41:18 2021
 From G value:1.000.
-Mon Sep 20 02:41:18 2021
 New value:0.988.

-Mon Sep 20 02:41:19 2021
 From G value:0.988.
-Mon Sep 20 02:41:19 2021
 New value:0.972.

-Mon Sep 20 02:41:20 2021
 From G value:0.972.
-Mon Sep 20 02:41:20 2021
 New value:0.885.

-Mon Sep 20 02:41:21 2021
 From G value:0.885.
-Mon Sep 20 02:41:21 2021
 New value:0.989.

-Mon Sep 20 02:41:22 2021
 From G value:0.989.
-Mon Sep 20 02:41:22 2021
 New value:0.986.

-Mon Sep 20 02:41:23 2021
 From G value:0.986.
-Mon Sep 20 02:41:23 2021
 New value:0.970.

-Mon Sep 20 02:41:24 2021
 From G value:0.970.
-Mon Sep 20 02:41:24 2021
 New value:0.880.

-Mon Sep 20 02:41:25 2021
 From G value:0.880.
-Mon Sep 20 02:41:25 2021
 New value:0.997.

-Mon Sep 20 02:41:26 2021
 From G value:0.997.
-Mon Sep 20 02:41:26 2021
 New value:0.886.

-Mon Sep 20 02:41:27 2021
 From G value:0.886.
-Mon Sep 20 02:41:27 2021
 New value:0.960.

-Mon Sep 20 02:41:28 2021
 From G value:0.960.
-Mon Sep 20 02:41:28 2021
 New value:0.986.

-Mon Sep 20 02:41:29 2021
 From G value:0.986.
-Mon Sep 20 02:41:29 2021
 New value:0.966.

-Mon Sep 20 02:41:30 2021
 From G value:0.966.
-Mon Sep 20 02:41:30 2021
 New value:0.813.

-Mon Sep 20 02:41:31 2021
 From G value:0.813.
-Mon Sep 20 02:41:31 2021
 New value:0.950.

-Mon Sep 20 02:41:32 2021
 From G value:0.950.
-Mon Sep 20 02:41:32 2021
 New value:0.983.

-Mon Sep 20 02:41:33 2021
 From G value:0.983.
-Mon Sep 20 02:41:33 2021
 New value:0.753.

-Mon Sep 20 02:41:34 2021
 From G value:0.753.
-Mon Sep 20 02:41:34 2021
 New value:0.901.

-Mon Sep 20 02:41:35 2021
 From G value:0.901.
-Mon Sep 20 02:41:35 2021
 New value:0.993.

-Mon Sep 20 02:41:36 2021
 From G value:0.993.
-Mon Sep 20 02:41:36 2021
 New value:0.944.

-Mon Sep 20 02:41:37 2021
 From G value:0.944.
-Mon Sep 20 02:41:37 2021
 New value:0.931.

-Mon Sep 20 02:41:38 2021
 From G value:0.931.
-Mon Sep 20 02:41:38 2021
 New value:0.875.

-Mon Sep 20 02:41:39 2021
 From G value:0.875.
-Mon Sep 20 02:41:39 2021
 New value:0.994.

-Mon Sep 20 02:41:40 2021
 From G value:0.994.
-Mon Sep 20 02:41:40 2021
 New value:0.945.

-Mon Sep 20 02:41:42 2021
 From G value:0.945.
-Mon Sep 20 02:41:42 2021
 New value:-0.199.

-Mon Sep 20 02:41:43 2021
 From G value:-0.199.
-Mon Sep 20 02:41:43 2021
 New value:0.490.

-Mon Sep 20 02:41:44 2021
 From G value:0.490.
-Mon Sep 20 02:41:44 2021
 New value:0.831.

-Mon Sep 20 02:41:45 2021
 From G value:0.831.
-Mon Sep 20 02:41:45 2021
 New value:0.990.

-Mon Sep 20 02:41:46 2021
 From G value:0.990.
-Mon Sep 20 02:41:46 2021
 New value:0.969.
